[INFO] [16/Aug/2016 18:31:45]: 请扫描二维码.
[INFO] [16/Aug/2016 18:31:45]: Starting new HTTPS connection (1): ssl.ptlogin2.qq.com
[DEBUG] [16/Aug/2016 18:31:45]: Setting read timeout to 60
[DEBUG] [16/Aug/2016 18:31:45]: "GET /ptqrshow?appid=501004106&e=0&l=M&s=5&d=72&v=4&t=0.1 HTTP/1.1" 200 492
[INFO] [16/Aug/2016 23:53:03]: 请扫描二维码.
[INFO] [16/Aug/2016 23:53:03]: Starting new HTTPS connection (1): ssl.ptlogin2.qq.com
[DEBUG] [16/Aug/2016 23:53:03]: Setting read timeout to 60
[DEBUG] [16/Aug/2016 23:53:03]: "GET /ptqrshow?appid=501004106&e=0&l=M&s=5&d=72&v=4&t=0.1 HTTP/1.1" 200 500
[INFO] [16/Aug/2016 23:53:43]: 请扫描二维码.
[INFO] [16/Aug/2016 23:53:43]: Starting new HTTPS connection (1): ssl.ptlogin2.qq.com
[DEBUG] [16/Aug/2016 23:53:43]: Setting read timeout to 60
[DEBUG] [16/Aug/2016 23:53:43]: "GET /ptqrshow?appid=501004106&e=0&l=M&s=5&d=72&v=4&t=0.1 HTTP/1.1" 200 489
[DEBUG] [16/Aug/2016 23:53:45]: Setting read timeout to 60
[DEBUG] [16/Aug/2016 23:53:45]: "GET /ptqrlogin?webqq_type=10&remember_uin=1&login2qq=1&aid=501004106&u1=http%3A%2F%2Fw.qq.com%2Fproxy.html%3Flogin2qq%3D1%26webqq_type%3D10&ptredirect=0&ptlang=2052&daid=164&from_ui=1&pttype=1&dumy=&fp=loginerroralert&action=0-0-157510&mibao_css=m_webqq&t=1&g=1&js_type=0&js_ver=10169&login_sig=&pt_randsalt=0 HTTP/1.1" 200 66
[INFO] [16/Aug/2016 23:54:26]: 请扫描二维码.
[INFO] [16/Aug/2016 23:54:26]: Starting new HTTPS connection (1): ssl.ptlogin2.qq.com
[DEBUG] [16/Aug/2016 23:54:26]: Setting read timeout to 60
[DEBUG] [16/Aug/2016 23:54:26]: "GET /ptqrshow?appid=501004106&e=0&l=M&s=5&d=72&v=4&t=0.1 HTTP/1.1" 200 494
[DEBUG] [16/Aug/2016 23:54:28]: Setting read timeout to 60
[DEBUG] [16/Aug/2016 23:54:28]: "GET /ptqrlogin?webqq_type=10&remember_uin=1&login2qq=1&aid=501004106&u1=http%3A%2F%2Fw.qq.com%2Fproxy.html%3Flogin2qq%3D1%26webqq_type%3D10&ptredirect=0&ptlang=2052&daid=164&from_ui=1&pttype=1&dumy=&fp=loginerroralert&action=0-0-157510&mibao_css=m_webqq&t=1&g=1&js_type=0&js_ver=10169&login_sig=&pt_randsalt=0 HTTP/1.1" 200 66
[INFO] [16/Aug/2016 23:54:28]: ptuiCB('66','0','','0','二维码未失效。(2434802096)', '');

[DEBUG] [16/Aug/2016 23:54:30]: Setting read timeout to 60
[DEBUG] [16/Aug/2016 23:54:30]: "GET /ptqrlogin?webqq_type=10&remember_uin=1&login2qq=1&aid=501004106&u1=http%3A%2F%2Fw.qq.com%2Fproxy.html%3Flogin2qq%3D1%26webqq_type%3D10&ptredirect=0&ptlang=2052&daid=164&from_ui=1&pttype=1&dumy=&fp=loginerroralert&action=0-0-157510&mibao_css=m_webqq&t=1&g=1&js_type=0&js_ver=10169&login_sig=&pt_randsalt=0 HTTP/1.1" 200 66
[INFO] [16/Aug/2016 23:54:30]: ptuiCB('66','0','','0','二维码未失效。(2757780752)', '');

[DEBUG] [16/Aug/2016 23:54:32]: Setting read timeout to 60
[DEBUG] [16/Aug/2016 23:54:32]: "GET /ptqrlogin?webqq_type=10&remember_uin=1&login2qq=1&aid=501004106&u1=http%3A%2F%2Fw.qq.com%2Fproxy.html%3Flogin2qq%3D1%26webqq_type%3D10&ptredirect=0&ptlang=2052&daid=164&from_ui=1&pttype=1&dumy=&fp=loginerroralert&action=0-0-157510&mibao_css=m_webqq&t=1&g=1&js_type=0&js_ver=10169&login_sig=&pt_randsalt=0 HTTP/1.1" 200 66
[INFO] [16/Aug/2016 23:54:32]: ptuiCB('66','0','','0','二维码未失效。(1388322016)', '');

[DEBUG] [16/Aug/2016 23:54:34]: Setting read timeout to 60
[DEBUG] [16/Aug/2016 23:54:34]: "GET /ptqrlogin?webqq_type=10&remember_uin=1&login2qq=1&aid=501004106&u1=http%3A%2F%2Fw.qq.com%2Fproxy.html%3Flogin2qq%3D1%26webqq_type%3D10&ptredirect=0&ptlang=2052&daid=164&from_ui=1&pttype=1&dumy=&fp=loginerroralert&action=0-0-157510&mibao_css=m_webqq&t=1&g=1&js_type=0&js_ver=10169&login_sig=&pt_randsalt=0 HTTP/1.1" 200 66
[INFO] [16/Aug/2016 23:54:34]: ptuiCB('66','0','','0','二维码未失效。(3844104872)', '');

[DEBUG] [16/Aug/2016 23:54:36]: Setting read timeout to 60
[DEBUG] [16/Aug/2016 23:54:36]: "GET /ptqrlogin?webqq_type=10&remember_uin=1&login2qq=1&aid=501004106&u1=http%3A%2F%2Fw.qq.com%2Fproxy.html%3Flogin2qq%3D1%26webqq_type%3D10&ptredirect=0&ptlang=2052&daid=164&from_ui=1&pttype=1&dumy=&fp=loginerroralert&action=0-0-157510&mibao_css=m_webqq&t=1&g=1&js_type=0&js_ver=10169&login_sig=&pt_randsalt=0 HTTP/1.1" 200 66
[INFO] [16/Aug/2016 23:54:36]: ptuiCB('66','0','','0','二维码未失效。(1809861580)', '');

[DEBUG] [16/Aug/2016 23:54:38]: Setting read timeout to 60
[DEBUG] [16/Aug/2016 23:54:39]: "GET /ptqrlogin?webqq_type=10&remember_uin=1&login2qq=1&aid=501004106&u1=http%3A%2F%2Fw.qq.com%2Fproxy.html%3Flogin2qq%3D1%26webqq_type%3D10&ptredirect=0&ptlang=2052&daid=164&from_ui=1&pttype=1&dumy=&fp=loginerroralert&action=0-0-157510&mibao_css=m_webqq&t=1&g=1&js_type=0&js_ver=10169&login_sig=&pt_randsalt=0 HTTP/1.1" 200 66
[INFO] [16/Aug/2016 23:54:39]: ptuiCB('66','0','','0','二维码未失效。(3790602856)', '');

[DEBUG] [16/Aug/2016 23:54:41]: Setting read timeout to 60
[DEBUG] [16/Aug/2016 23:54:41]: "GET /ptqrlogin?webqq_type=10&remember_uin=1&login2qq=1&aid=501004106&u1=http%3A%2F%2Fw.qq.com%2Fproxy.html%3Flogin2qq%3D1%26webqq_type%3D10&ptredirect=0&ptlang=2052&daid=164&from_ui=1&pttype=1&dumy=&fp=loginerroralert&action=0-0-157510&mibao_css=m_webqq&t=1&g=1&js_type=0&js_ver=10169&login_sig=&pt_randsalt=0 HTTP/1.1" 200 66
[INFO] [16/Aug/2016 23:54:41]: ptuiCB('66','0','','0','二维码未失效。(2116055320)', '');

[DEBUG] [16/Aug/2016 23:54:43]: Setting read timeout to 60
[DEBUG] [16/Aug/2016 23:54:43]: "GET /ptqrlogin?webqq_type=10&remember_uin=1&login2qq=1&aid=501004106&u1=http%3A%2F%2Fw.qq.com%2Fproxy.html%3Flogin2qq%3D1%26webqq_type%3D10&ptredirect=0&ptlang=2052&daid=164&from_ui=1&pttype=1&dumy=&fp=loginerroralert&action=0-0-157510&mibao_css=m_webqq&t=1&g=1&js_type=0&js_ver=10169&login_sig=&pt_randsalt=0 HTTP/1.1" 200 66
[INFO] [16/Aug/2016 23:54:43]: ptuiCB('66','0','','0','二维码未失效。(3049271020)', '');

[DEBUG] [16/Aug/2016 23:54:45]: Setting read timeout to 60
[DEBUG] [16/Aug/2016 23:54:45]: "GET /ptqrlogin?webqq_type=10&remember_uin=1&login2qq=1&aid=501004106&u1=http%3A%2F%2Fw.qq.com%2Fproxy.html%3Flogin2qq%3D1%26webqq_type%3D10&ptredirect=0&ptlang=2052&daid=164&from_ui=1&pttype=1&dumy=&fp=loginerroralert&action=0-0-157510&mibao_css=m_webqq&t=1&g=1&js_type=0&js_ver=10169&login_sig=&pt_randsalt=0 HTTP/1.1" 200 66
[INFO] [16/Aug/2016 23:54:45]: ptuiCB('66','0','','0','二维码未失效。(1976589784)', '');

[DEBUG] [16/Aug/2016 23:54:47]: Setting read timeout to 60
[DEBUG] [16/Aug/2016 23:54:47]: "GET /ptqrlogin?webqq_type=10&remember_uin=1&login2qq=1&aid=501004106&u1=http%3A%2F%2Fw.qq.com%2Fproxy.html%3Flogin2qq%3D1%26webqq_type%3D10&ptredirect=0&ptlang=2052&daid=164&from_ui=1&pttype=1&dumy=&fp=loginerroralert&action=0-0-157510&mibao_css=m_webqq&t=1&g=1&js_type=0&js_ver=10169&login_sig=&pt_randsalt=0 HTTP/1.1" 200 66
[INFO] [16/Aug/2016 23:54:47]: ptuiCB('66','0','','0','二维码未失效。(1269855104)', '');

[DEBUG] [16/Aug/2016 23:54:49]: Setting read timeout to 60
[DEBUG] [16/Aug/2016 23:54:49]: "GET /ptqrlogin?webqq_type=10&remember_uin=1&login2qq=1&aid=501004106&u1=http%3A%2F%2Fw.qq.com%2Fproxy.html%3Flogin2qq%3D1%26webqq_type%3D10&ptredirect=0&ptlang=2052&daid=164&from_ui=1&pttype=1&dumy=&fp=loginerroralert&action=0-0-157510&mibao_css=m_webqq&t=1&g=1&js_type=0&js_ver=10169&login_sig=&pt_randsalt=0 HTTP/1.1" 200 66
[INFO] [16/Aug/2016 23:54:49]: ptuiCB('67','0','','0','二维码认证中。(3435151662)', '');

[DEBUG] [16/Aug/2016 23:54:51]: Setting read timeout to 60
[DEBUG] [16/Aug/2016 23:54:51]: "GET /ptqrlogin?webqq_type=10&remember_uin=1&login2qq=1&aid=501004106&u1=http%3A%2F%2Fw.qq.com%2Fproxy.html%3Flogin2qq%3D1%26webqq_type%3D10&ptredirect=0&ptlang=2052&daid=164&from_ui=1&pttype=1&dumy=&fp=loginerroralert&action=0-0-157510&mibao_css=m_webqq&t=1&g=1&js_type=0&js_ver=10169&login_sig=&pt_randsalt=0 HTTP/1.1" 200 None
[INFO] [16/Aug/2016 23:54:51]: ptuiCB('0','0','http://ptlogin4.web2.qq.com/check_sig?pttype=1&uin=987513441&service=ptqrlogin&nodirect=0&ptsigx=04c05cf90fcc21c4fdd59a775a39c9167b7098bcf89d565f18c7e0cbcc80465f045296f361a406b2e4e187ea57b1f87fa6294635ec739be9172e06edae0bcebe&s_url=http%3A%2F%2Fw.qq.com%2Fproxy.html%3Flogin2qq%3D1%26webqq_type%3D10&f_url=&ptlang=2052&ptredirect=100&aid=501004106&daid=164&j_later=0&low_login_hour=0&regmaster=0&pt_login_type=3&pt_aid=0&pt_aaid=16&pt_light=0&pt_3rd_aid=0','0','登录成功！', '黑瞎子');

[INFO] [16/Aug/2016 23:54:51]: 获取ptwebqq...
[INFO] [16/Aug/2016 23:54:51]: Starting new HTTP connection (1): ptlogin4.web2.qq.com
[DEBUG] [16/Aug/2016 23:54:51]: Setting read timeout to 60
[DEBUG] [16/Aug/2016 23:54:51]: "GET /check_sig?pttype=1&uin=987513441&service=ptqrlogin&nodirect=0&ptsigx=04c05cf90fcc21c4fdd59a775a39c9167b7098bcf89d565f18c7e0cbcc80465f045296f361a406b2e4e187ea57b1f87fa6294635ec739be9172e06edae0bcebe&s_url=http%3A%2F%2Fw.qq.com%2Fproxy.html%3Flogin2qq%3D1%26webqq_type%3D10&f_url=&ptlang=2052&ptredirect=100&aid=501004106&daid=164&j_later=0&low_login_hour=0&regmaster=0&pt_login_type=3&pt_aid=0&pt_aaid=16&pt_light=0&pt_3rd_aid=0 HTTP/1.1" 302 None
[INFO] [16/Aug/2016 23:54:51]: Starting new HTTP connection (1): w.qq.com
[DEBUG] [16/Aug/2016 23:54:52]: Setting read timeout to 60
[DEBUG] [16/Aug/2016 23:54:52]: "GET /proxy.html?login2qq=1&webqq_type=10 HTTP/1.1" 200 None
[INFO] [16/Aug/2016 23:54:56]: 获取vfwebqq...
[INFO] [16/Aug/2016 23:54:56]: Starting new HTTP connection (1): s.web2.qq.com
[DEBUG] [16/Aug/2016 23:54:56]: Setting read timeout to 60
[DEBUG] [16/Aug/2016 23:54:56]: "GET /api/getvfwebqq?ptwebqq=c8c68d230614dd9a4f8a588cee00a95fc979d382005638575ae88bb9918db55f&clientid=53999199&psessionid=&t=0.1 HTTP/1.1" 200 117
[INFO] [16/Aug/2016 23:54:56]: 获取psessionid...
[INFO] [16/Aug/2016 23:54:56]: Starting new HTTP connection (1): d1.web2.qq.com
[DEBUG] [16/Aug/2016 23:54:56]: Setting read timeout to 60
[DEBUG] [16/Aug/2016 23:55:05]: "POST /channel/login2 HTTP/1.1" 200 None
[INFO] [16/Aug/2016 23:56:03]: 请扫描二维码.
[INFO] [16/Aug/2016 23:56:03]: Starting new HTTPS connection (1): ssl.ptlogin2.qq.com
[DEBUG] [16/Aug/2016 23:56:03]: Setting read timeout to 60
[DEBUG] [16/Aug/2016 23:56:03]: "GET /ptqrshow?appid=501004106&e=0&l=M&s=5&d=72&v=4&t=0.1 HTTP/1.1" 200 492
[DEBUG] [16/Aug/2016 23:56:05]: Setting read timeout to 60
[DEBUG] [16/Aug/2016 23:56:05]: "GET /ptqrlogin?webqq_type=10&remember_uin=1&login2qq=1&aid=501004106&u1=http%3A%2F%2Fw.qq.com%2Fproxy.html%3Flogin2qq%3D1%26webqq_type%3D10&ptredirect=0&ptlang=2052&daid=164&from_ui=1&pttype=1&dumy=&fp=loginerroralert&action=0-0-157510&mibao_css=m_webqq&t=1&g=1&js_type=0&js_ver=10169&login_sig=&pt_randsalt=0 HTTP/1.1" 200 65
[INFO] [16/Aug/2016 23:56:05]: ptuiCB('66','0','','0','二维码未失效。(668993644)', '');

[DEBUG] [16/Aug/2016 23:56:07]: Setting read timeout to 60
[DEBUG] [16/Aug/2016 23:56:07]: "GET /ptqrlogin?webqq_type=10&remember_uin=1&login2qq=1&aid=501004106&u1=http%3A%2F%2Fw.qq.com%2Fproxy.html%3Flogin2qq%3D1%26webqq_type%3D10&ptredirect=0&ptlang=2052&daid=164&from_ui=1&pttype=1&dumy=&fp=loginerroralert&action=0-0-157510&mibao_css=m_webqq&t=1&g=1&js_type=0&js_ver=10169&login_sig=&pt_randsalt=0 HTTP/1.1" 200 66
[INFO] [16/Aug/2016 23:56:07]: ptuiCB('66','0','','0','二维码未失效。(2989513892)', '');

[DEBUG] [16/Aug/2016 23:56:09]: Setting read timeout to 60
[DEBUG] [16/Aug/2016 23:56:09]: "GET /ptqrlogin?webqq_type=10&remember_uin=1&login2qq=1&aid=501004106&u1=http%3A%2F%2Fw.qq.com%2Fproxy.html%3Flogin2qq%3D1%26webqq_type%3D10&ptredirect=0&ptlang=2052&daid=164&from_ui=1&pttype=1&dumy=&fp=loginerroralert&action=0-0-157510&mibao_css=m_webqq&t=1&g=1&js_type=0&js_ver=10169&login_sig=&pt_randsalt=0 HTTP/1.1" 200 65
[INFO] [16/Aug/2016 23:56:09]: ptuiCB('66','0','','0','二维码未失效。(462437724)', '');

[DEBUG] [16/Aug/2016 23:56:11]: Setting read timeout to 60
[DEBUG] [16/Aug/2016 23:56:12]: "GET /ptqrlogin?webqq_type=10&remember_uin=1&login2qq=1&aid=501004106&u1=http%3A%2F%2Fw.qq.com%2Fproxy.html%3Flogin2qq%3D1%26webqq_type%3D10&ptredirect=0&ptlang=2052&daid=164&from_ui=1&pttype=1&dumy=&fp=loginerroralert&action=0-0-157510&mibao_css=m_webqq&t=1&g=1&js_type=0&js_ver=10169&login_sig=&pt_randsalt=0 HTTP/1.1" 200 66
[INFO] [16/Aug/2016 23:56:12]: ptuiCB('66','0','','0','二维码未失效。(1015032348)', '');

[DEBUG] [16/Aug/2016 23:56:14]: Setting read timeout to 60
[DEBUG] [16/Aug/2016 23:56:14]: "GET /ptqrlogin?webqq_type=10&remember_uin=1&login2qq=1&aid=501004106&u1=http%3A%2F%2Fw.qq.com%2Fproxy.html%3Flogin2qq%3D1%26webqq_type%3D10&ptredirect=0&ptlang=2052&daid=164&from_ui=1&pttype=1&dumy=&fp=loginerroralert&action=0-0-157510&mibao_css=m_webqq&t=1&g=1&js_type=0&js_ver=10169&login_sig=&pt_randsalt=0 HTTP/1.1" 200 66
[INFO] [16/Aug/2016 23:56:14]: ptuiCB('66','0','','0','二维码未失效。(3392160300)', '');

[DEBUG] [16/Aug/2016 23:56:16]: Setting read timeout to 60
[DEBUG] [16/Aug/2016 23:56:16]: "GET /ptqrlogin?webqq_type=10&remember_uin=1&login2qq=1&aid=501004106&u1=http%3A%2F%2Fw.qq.com%2Fproxy.html%3Flogin2qq%3D1%26webqq_type%3D10&ptredirect=0&ptlang=2052&daid=164&from_ui=1&pttype=1&dumy=&fp=loginerroralert&action=0-0-157510&mibao_css=m_webqq&t=1&g=1&js_type=0&js_ver=10169&login_sig=&pt_randsalt=0 HTTP/1.1" 200 66
[INFO] [16/Aug/2016 23:56:16]: ptuiCB('66','0','','0','二维码未失效。(1851810472)', '');

[DEBUG] [16/Aug/2016 23:56:18]: Setting read timeout to 60
[DEBUG] [16/Aug/2016 23:56:18]: "GET /ptqrlogin?webqq_type=10&remember_uin=1&login2qq=1&aid=501004106&u1=http%3A%2F%2Fw.qq.com%2Fproxy.html%3Flogin2qq%3D1%26webqq_type%3D10&ptredirect=0&ptlang=2052&daid=164&from_ui=1&pttype=1&dumy=&fp=loginerroralert&action=0-0-157510&mibao_css=m_webqq&t=1&g=1&js_type=0&js_ver=10169&login_sig=&pt_randsalt=0 HTTP/1.1" 200 66
[INFO] [16/Aug/2016 23:56:18]: ptuiCB('66','0','','0','二维码未失效。(2464161608)', '');

[DEBUG] [16/Aug/2016 23:56:20]: Setting read timeout to 60
[DEBUG] [16/Aug/2016 23:56:20]: "GET /ptqrlogin?webqq_type=10&remember_uin=1&login2qq=1&aid=501004106&u1=http%3A%2F%2Fw.qq.com%2Fproxy.html%3Flogin2qq%3D1%26webqq_type%3D10&ptredirect=0&ptlang=2052&daid=164&from_ui=1&pttype=1&dumy=&fp=loginerroralert&action=0-0-157510&mibao_css=m_webqq&t=1&g=1&js_type=0&js_ver=10169&login_sig=&pt_randsalt=0 HTTP/1.1" 200 66
[INFO] [16/Aug/2016 23:56:20]: ptuiCB('66','0','','0','二维码未失效。(1601193724)', '');

[DEBUG] [16/Aug/2016 23:56:22]: Setting read timeout to 60
[DEBUG] [16/Aug/2016 23:56:22]: "GET /ptqrlogin?webqq_type=10&remember_uin=1&login2qq=1&aid=501004106&u1=http%3A%2F%2Fw.qq.com%2Fproxy.html%3Flogin2qq%3D1%26webqq_type%3D10&ptredirect=0&ptlang=2052&daid=164&from_ui=1&pttype=1&dumy=&fp=loginerroralert&action=0-0-157510&mibao_css=m_webqq&t=1&g=1&js_type=0&js_ver=10169&login_sig=&pt_randsalt=0 HTTP/1.1" 200 66
[INFO] [16/Aug/2016 23:56:22]: ptuiCB('67','0','','0','二维码认证中。(2315267859)', '');

[DEBUG] [16/Aug/2016 23:56:24]: Setting read timeout to 60
[DEBUG] [16/Aug/2016 23:56:24]: "GET /ptqrlogin?webqq_type=10&remember_uin=1&login2qq=1&aid=501004106&u1=http%3A%2F%2Fw.qq.com%2Fproxy.html%3Flogin2qq%3D1%26webqq_type%3D10&ptredirect=0&ptlang=2052&daid=164&from_ui=1&pttype=1&dumy=&fp=loginerroralert&action=0-0-157510&mibao_css=m_webqq&t=1&g=1&js_type=0&js_ver=10169&login_sig=&pt_randsalt=0 HTTP/1.1" 200 None
[INFO] [16/Aug/2016 23:56:24]: ptuiCB('0','0','http://ptlogin4.web2.qq.com/check_sig?pttype=1&uin=987513441&service=ptqrlogin&nodirect=0&ptsigx=c73e01807e2c91f728fbdb4069469d3a2a6313009265eec7f735eb9c7ee67f042ac96f64d9c3a55a7703ca7960157988f579c52f1c60c5af10dd52b8665f4252&s_url=http%3A%2F%2Fw.qq.com%2Fproxy.html%3Flogin2qq%3D1%26webqq_type%3D10&f_url=&ptlang=2052&ptredirect=100&aid=501004106&daid=164&j_later=0&low_login_hour=0&regmaster=0&pt_login_type=3&pt_aid=0&pt_aaid=16&pt_light=0&pt_3rd_aid=0','0','登录成功！', '黑瞎子');

[INFO] [16/Aug/2016 23:56:24]: 获取ptwebqq...
[INFO] [16/Aug/2016 23:56:24]: Starting new HTTP connection (1): ptlogin4.web2.qq.com
[DEBUG] [16/Aug/2016 23:56:24]: Setting read timeout to 60
[DEBUG] [16/Aug/2016 23:56:24]: "GET /check_sig?pttype=1&uin=987513441&service=ptqrlogin&nodirect=0&ptsigx=c73e01807e2c91f728fbdb4069469d3a2a6313009265eec7f735eb9c7ee67f042ac96f64d9c3a55a7703ca7960157988f579c52f1c60c5af10dd52b8665f4252&s_url=http%3A%2F%2Fw.qq.com%2Fproxy.html%3Flogin2qq%3D1%26webqq_type%3D10&f_url=&ptlang=2052&ptredirect=100&aid=501004106&daid=164&j_later=0&low_login_hour=0&regmaster=0&pt_login_type=3&pt_aid=0&pt_aaid=16&pt_light=0&pt_3rd_aid=0 HTTP/1.1" 302 None
[INFO] [16/Aug/2016 23:56:24]: Starting new HTTP connection (1): w.qq.com
[DEBUG] [16/Aug/2016 23:56:28]: Setting read timeout to 60
[DEBUG] [16/Aug/2016 23:56:28]: "GET /proxy.html?login2qq=1&webqq_type=10 HTTP/1.1" 200 None
[INFO] [16/Aug/2016 23:56:28]: 获取vfwebqq...
[INFO] [16/Aug/2016 23:56:28]: Starting new HTTP connection (1): s.web2.qq.com
[DEBUG] [16/Aug/2016 23:56:28]: Setting read timeout to 60
[DEBUG] [16/Aug/2016 23:56:28]: "GET /api/getvfwebqq?ptwebqq=87d52995660963dc7565c072c60353443ce27aa23ca2c4702493abe9e39aca7d&clientid=53999199&psessionid=&t=0.1 HTTP/1.1" 200 117
[INFO] [16/Aug/2016 23:56:28]: 获取psessionid...
[INFO] [16/Aug/2016 23:56:28]: Starting new HTTP connection (1): d1.web2.qq.com
[DEBUG] [16/Aug/2016 23:56:28]: Setting read timeout to 60
[DEBUG] [16/Aug/2016 23:56:28]: "POST /channel/login2 HTTP/1.1" 200 None
[INFO] [16/Aug/2016 23:58:22]: 请扫描二维码.
[INFO] [16/Aug/2016 23:58:22]: Starting new HTTPS connection (1): ssl.ptlogin2.qq.com
[DEBUG] [16/Aug/2016 23:58:22]: Setting read timeout to 60
[DEBUG] [16/Aug/2016 23:58:22]: "GET /ptqrshow?appid=501004106&e=0&l=M&s=5&d=72&v=4&t=0.1 HTTP/1.1" 200 482
[DEBUG] [16/Aug/2016 23:58:24]: Setting read timeout to 60
[DEBUG] [16/Aug/2016 23:58:24]: "GET /ptqrlogin?webqq_type=10&remember_uin=1&login2qq=1&aid=501004106&u1=http%3A%2F%2Fw.qq.com%2Fproxy.html%3Flogin2qq%3D1%26webqq_type%3D10&ptredirect=0&ptlang=2052&daid=164&from_ui=1&pttype=1&dumy=&fp=loginerroralert&action=0-0-157510&mibao_css=m_webqq&t=1&g=1&js_type=0&js_ver=10169&login_sig=&pt_randsalt=0 HTTP/1.1" 200 66
[INFO] [16/Aug/2016 23:59:13]: 请扫描二维码.
[INFO] [16/Aug/2016 23:59:13]: Starting new HTTPS connection (1): ssl.ptlogin2.qq.com
[DEBUG] [16/Aug/2016 23:59:13]: Setting read timeout to 60
[DEBUG] [16/Aug/2016 23:59:13]: "GET /ptqrshow?appid=501004106&e=0&l=M&s=5&d=72&v=4&t=0.1 HTTP/1.1" 200 479
[DEBUG] [16/Aug/2016 23:59:15]: Setting read timeout to 60
[DEBUG] [16/Aug/2016 23:59:15]: "GET /ptqrlogin?webqq_type=10&remember_uin=1&login2qq=1&aid=501004106&u1=http%3A%2F%2Fw.qq.com%2Fproxy.html%3Flogin2qq%3D1%26webqq_type%3D10&ptredirect=0&ptlang=2052&daid=164&from_ui=1&pttype=1&dumy=&fp=loginerroralert&action=0-0-157510&mibao_css=m_webqq&t=1&g=1&js_type=0&js_ver=10169&login_sig=&pt_randsalt=0 HTTP/1.1" 200 66
[INFO] [17/Aug/2016 00:00:26]: 请扫描二维码.
[INFO] [17/Aug/2016 00:00:26]: Starting new HTTPS connection (1): ssl.ptlogin2.qq.com
[DEBUG] [17/Aug/2016 00:00:26]: Setting read timeout to 60
[DEBUG] [17/Aug/2016 00:00:26]: "GET /ptqrshow?appid=501004106&e=0&l=M&s=5&d=72&v=4&t=0.1 HTTP/1.1" 200 482
[DEBUG] [17/Aug/2016 00:00:28]: Setting read timeout to 60
[DEBUG] [17/Aug/2016 00:00:28]: "GET /ptqrlogin?webqq_type=10&remember_uin=1&login2qq=1&aid=501004106&u1=http%3A%2F%2Fw.qq.com%2Fproxy.html%3Flogin2qq%3D1%26webqq_type%3D10&ptredirect=0&ptlang=2052&daid=164&from_ui=1&pttype=1&dumy=&fp=loginerroralert&action=0-0-157510&mibao_css=m_webqq&t=1&g=1&js_type=0&js_ver=10169&login_sig=&pt_randsalt=0 HTTP/1.1" 200 None
[INFO] [17/Aug/2016 00:00:28]: '登录成功！'
[INFO] [17/Aug/2016 00:00:28]: 获取ptwebqq...
[INFO] [17/Aug/2016 00:00:28]: Starting new HTTP connection (1): ptlogin4.web2.qq.com
[DEBUG] [17/Aug/2016 00:00:28]: Setting read timeout to 60
[DEBUG] [17/Aug/2016 00:00:28]: "GET /check_sig?pttype=1&uin=987513441&service=ptqrlogin&nodirect=0&ptsigx=f677896d79e0189cb7cf0cd79c9846d398970c2fb4a6b37850f3833e70193da4f997df9b559207ca83eae641427202e7d413c2009a0f664499ad4ec682b2274a&s_url=http%3A%2F%2Fw.qq.com%2Fproxy.html%3Flogin2qq%3D1%26webqq_type%3D10&f_url=&ptlang=2052&ptredirect=100&aid=501004106&daid=164&j_later=0&low_login_hour=0&regmaster=0&pt_login_type=3&pt_aid=0&pt_aaid=16&pt_light=0&pt_3rd_aid=0 HTTP/1.1" 302 None
[INFO] [17/Aug/2016 00:00:28]: Starting new HTTP connection (1): w.qq.com
[DEBUG] [17/Aug/2016 00:00:32]: Setting read timeout to 60
[DEBUG] [17/Aug/2016 00:00:32]: "GET /proxy.html?login2qq=1&webqq_type=10 HTTP/1.1" 200 None
[INFO] [17/Aug/2016 00:00:33]: 获取vfwebqq...
[INFO] [17/Aug/2016 00:00:33]: Starting new HTTP connection (1): s.web2.qq.com
[DEBUG] [17/Aug/2016 00:00:33]: Setting read timeout to 60
[DEBUG] [17/Aug/2016 00:00:33]: "GET /api/getvfwebqq?ptwebqq=54e4777920e1265317febbf6e9576e11b4783e1c85c509f080bae436d594ecee&clientid=53999199&psessionid=&t=0.1 HTTP/1.1" 200 117
[INFO] [17/Aug/2016 00:00:33]: 获取psessionid...
[INFO] [17/Aug/2016 00:00:33]: Starting new HTTP connection (1): d1.web2.qq.com
[DEBUG] [17/Aug/2016 00:00:34]: Setting read timeout to 60
[DEBUG] [17/Aug/2016 00:00:34]: "POST /channel/login2 HTTP/1.1" 200 None
[INFO] [17/Aug/2016 00:29:32]: 请扫描二维码.
[INFO] [17/Aug/2016 00:29:32]: Starting new HTTPS connection (1): ssl.ptlogin2.qq.com
[DEBUG] [17/Aug/2016 00:29:32]: Setting read timeout to 60
[DEBUG] [17/Aug/2016 00:29:32]: "GET /ptqrshow?appid=501004106&e=0&l=M&s=5&d=72&v=4&t=0.1 HTTP/1.1" 200 493
[DEBUG] [17/Aug/2016 00:29:34]: Setting read timeout to 60
[DEBUG] [17/Aug/2016 00:29:34]: "GET /ptqrlogin?webqq_type=10&remember_uin=1&login2qq=1&aid=501004106&u1=http%3A%2F%2Fw.qq.com%2Fproxy.html%3Flogin2qq%3D1%26webqq_type%3D10&ptredirect=0&ptlang=2052&daid=164&from_ui=1&pttype=1&dumy=&fp=loginerroralert&action=0-0-157510&mibao_css=m_webqq&t=1&g=1&js_type=0&js_ver=10169&login_sig=&pt_randsalt=0 HTTP/1.1" 200 66
[INFO] [17/Aug/2016 00:29:34]: '二维码认证中。(1662017062)'
[DEBUG] [17/Aug/2016 00:29:36]: Setting read timeout to 60
[DEBUG] [17/Aug/2016 00:29:36]: "GET /ptqrlogin?webqq_type=10&remember_uin=1&login2qq=1&aid=501004106&u1=http%3A%2F%2Fw.qq.com%2Fproxy.html%3Flogin2qq%3D1%26webqq_type%3D10&ptredirect=0&ptlang=2052&daid=164&from_ui=1&pttype=1&dumy=&fp=loginerroralert&action=0-0-157510&mibao_css=m_webqq&t=1&g=1&js_type=0&js_ver=10169&login_sig=&pt_randsalt=0 HTTP/1.1" 200 None
[INFO] [17/Aug/2016 00:29:36]: '登录成功！'
[INFO] [17/Aug/2016 00:29:36]: 获取ptwebqq...
[INFO] [17/Aug/2016 00:29:36]: Starting new HTTP connection (1): ptlogin4.web2.qq.com
[DEBUG] [17/Aug/2016 00:29:36]: Setting read timeout to 60
[DEBUG] [17/Aug/2016 00:29:36]: "GET /check_sig?pttype=1&uin=987513441&service=ptqrlogin&nodirect=0&ptsigx=4ecd01bde4a5d393c22cd84dcd21c58cb9988b0aa3031244a6e92cd75fb5ef4030869a4a55ad8f3cba12d60fbb4a810c74aa75ed14f6c8e6d5b86fbb36862b9f&s_url=http%3A%2F%2Fw.qq.com%2Fproxy.html%3Flogin2qq%3D1%26webqq_type%3D10&f_url=&ptlang=2052&ptredirect=100&aid=501004106&daid=164&j_later=0&low_login_hour=0&regmaster=0&pt_login_type=3&pt_aid=0&pt_aaid=16&pt_light=0&pt_3rd_aid=0 HTTP/1.1" 302 None
[INFO] [17/Aug/2016 00:29:36]: Starting new HTTP connection (1): w.qq.com
[DEBUG] [17/Aug/2016 00:29:36]: Setting read timeout to 60
[DEBUG] [17/Aug/2016 00:29:37]: "GET /proxy.html?login2qq=1&webqq_type=10 HTTP/1.1" 200 None
[INFO] [17/Aug/2016 00:29:39]: 获取vfwebqq...
[INFO] [17/Aug/2016 00:29:39]: Starting new HTTP connection (1): s.web2.qq.com
[DEBUG] [17/Aug/2016 00:29:39]: Setting read timeout to 60
[DEBUG] [17/Aug/2016 00:29:39]: "GET /api/getvfwebqq?ptwebqq=b5d87340bf36959522490fe996439c1c64fb5e45365b080d16486477b46e66ef&clientid=53999199&psessionid=&t=0.1 HTTP/1.1" 200 117
[INFO] [17/Aug/2016 00:29:39]: 获取psessionid...
[INFO] [17/Aug/2016 00:29:39]: Starting new HTTP connection (1): d1.web2.qq.com
[DEBUG] [17/Aug/2016 00:29:39]: Setting read timeout to 60
[DEBUG] [17/Aug/2016 00:29:39]: "POST /channel/login2 HTTP/1.1" 200 None
[INFO] [17/Aug/2016 00:29:39]: 等待消息...
[DEBUG] [17/Aug/2016 00:29:39]: Setting read timeout to 60
[INFO] [17/Aug/2016 00:33:28]: 请扫描二维码.
[INFO] [17/Aug/2016 00:33:28]: Starting new HTTPS connection (1): ssl.ptlogin2.qq.com
[DEBUG] [17/Aug/2016 00:33:28]: Setting read timeout to 60
[DEBUG] [17/Aug/2016 00:33:28]: "GET /ptqrshow?appid=501004106&e=0&l=M&s=5&d=72&v=4&t=0.1 HTTP/1.1" 200 489
[DEBUG] [17/Aug/2016 00:33:30]: Setting read timeout to 60
[DEBUG] [17/Aug/2016 00:33:31]: "GET /ptqrlogin?webqq_type=10&remember_uin=1&login2qq=1&aid=501004106&u1=http%3A%2F%2Fw.qq.com%2Fproxy.html%3Flogin2qq%3D1%26webqq_type%3D10&ptredirect=0&ptlang=2052&daid=164&from_ui=1&pttype=1&dumy=&fp=loginerroralert&action=0-0-157510&mibao_css=m_webqq&t=1&g=1&js_type=0&js_ver=10169&login_sig=&pt_randsalt=0 HTTP/1.1" 200 66
[INFO] [17/Aug/2016 00:33:31]: '二维码认证中。(3094371569)'
[DEBUG] [17/Aug/2016 00:33:33]: Setting read timeout to 60
[DEBUG] [17/Aug/2016 00:33:33]: "GET /ptqrlogin?webqq_type=10&remember_uin=1&login2qq=1&aid=501004106&u1=http%3A%2F%2Fw.qq.com%2Fproxy.html%3Flogin2qq%3D1%26webqq_type%3D10&ptredirect=0&ptlang=2052&daid=164&from_ui=1&pttype=1&dumy=&fp=loginerroralert&action=0-0-157510&mibao_css=m_webqq&t=1&g=1&js_type=0&js_ver=10169&login_sig=&pt_randsalt=0 HTTP/1.1" 200 None
[INFO] [17/Aug/2016 00:33:33]: '登录成功！'
[INFO] [17/Aug/2016 00:33:33]: 获取ptwebqq...
[INFO] [17/Aug/2016 00:33:33]: Starting new HTTP connection (1): ptlogin4.web2.qq.com
[DEBUG] [17/Aug/2016 00:33:33]: Setting read timeout to 60
[DEBUG] [17/Aug/2016 00:33:33]: "GET /check_sig?pttype=1&uin=987513441&service=ptqrlogin&nodirect=0&ptsigx=81910490349b853f0f0cb1b31b1c708d6576f6de886cb3a9952ebc609a4612a3a16766cbf028650c7aa26e92905f2c77f7e4e6eb341dc927afc8856868172c40&s_url=http%3A%2F%2Fw.qq.com%2Fproxy.html%3Flogin2qq%3D1%26webqq_type%3D10&f_url=&ptlang=2052&ptredirect=100&aid=501004106&daid=164&j_later=0&low_login_hour=0&regmaster=0&pt_login_type=3&pt_aid=0&pt_aaid=16&pt_light=0&pt_3rd_aid=0 HTTP/1.1" 302 None
[INFO] [17/Aug/2016 00:33:33]: Starting new HTTP connection (1): w.qq.com
[DEBUG] [17/Aug/2016 00:33:33]: Setting read timeout to 60
[DEBUG] [17/Aug/2016 00:33:33]: "GET /proxy.html?login2qq=1&webqq_type=10 HTTP/1.1" 200 None
[INFO] [17/Aug/2016 00:33:33]: 获取vfwebqq...
[INFO] [17/Aug/2016 00:33:33]: Starting new HTTP connection (1): s.web2.qq.com
[DEBUG] [17/Aug/2016 00:33:34]: Setting read timeout to 60
[DEBUG] [17/Aug/2016 00:33:34]: "GET /api/getvfwebqq?ptwebqq=d92247d8ed48c7d6e75ab376656a2a36b0aeaaf3c37803803833e8c8f089d96e&clientid=53999199&psessionid=&t=0.1 HTTP/1.1" 200 117
[INFO] [17/Aug/2016 00:33:34]: 获取psessionid...
[INFO] [17/Aug/2016 00:33:34]: Starting new HTTP connection (1): d1.web2.qq.com
[DEBUG] [17/Aug/2016 00:33:34]: Setting read timeout to 60
[DEBUG] [17/Aug/2016 00:33:34]: "POST /channel/login2 HTTP/1.1" 200 None
[INFO] [17/Aug/2016 00:33:34]: 等待消息...
[DEBUG] [17/Aug/2016 00:33:34]: Setting read timeout to 60
[DEBUG] [17/Aug/2016 00:33:44]: "POST /channel/poll2 HTTP/1.1" 200 None
[INFO] [17/Aug/2016 00:33:44]: ['{"result":[{"poll_type":"message","value":{"content":[["font",{"color":"000000","name":"\xe5\xbe\xae\xe8\xbd\xaf\xe9\x9b\x85\xe9\xbb\x91","size":10,"style":[0,0,0]}],"\xe5\xa4\xaa\xe5\xa4\x9a\xe7\x9a\x84"],"from_uin":1885255360,"msg_id":32315,"msg_type":0,"time":1471365226,"to_uin":987513441}}],"retcode":0}\n', u'{"result":[{"poll_type":"message","value":{"content":[["font",{"color":"000000","name":"\u5fae\u8f6f\u96c5\u9ed1","size":10,"style":[0,0,0]}],"\u592a\u591a\u7684"],"from_uin":1885255360,"msg_id":32315,"msg_type":0,"time":1471365226,"to_uin":987513441}}],"retcode":0}\n']
[DEBUG] [17/Aug/2016 00:33:45]: Setting read timeout to 60
[DEBUG] [17/Aug/2016 00:33:52]: "POST /channel/poll2 HTTP/1.1" 200 None
[INFO] [17/Aug/2016 00:33:52]: ['{"result":[{"poll_type":"message","value":{"content":[["font",{"color":"000000","name":"\xe5\xbe\xae\xe8\xbd\xaf\xe9\x9b\x85\xe9\xbb\x91","size":10,"style":[0,0,0]}],"test"],"from_uin":1885255360,"msg_id":32316,"msg_type":0,"time":1471365234,"to_uin":987513441}}],"retcode":0}\n', u'{"result":[{"poll_type":"message","value":{"content":[["font",{"color":"000000","name":"\u5fae\u8f6f\u96c5\u9ed1","size":10,"style":[0,0,0]}],"test"],"from_uin":1885255360,"msg_id":32316,"msg_type":0,"time":1471365234,"to_uin":987513441}}],"retcode":0}\n']
[DEBUG] [17/Aug/2016 00:33:53]: Setting read timeout to 60
[INFO] [17/Aug/2016 00:37:05]: 请扫描二维码.
[INFO] [17/Aug/2016 00:37:05]: Starting new HTTPS connection (1): ssl.ptlogin2.qq.com
[DEBUG] [17/Aug/2016 00:37:05]: Setting read timeout to 60
[DEBUG] [17/Aug/2016 00:37:05]: "GET /ptqrshow?appid=501004106&e=0&l=M&s=5&d=72&v=4&t=0.1 HTTP/1.1" 200 497
[DEBUG] [17/Aug/2016 00:37:07]: Setting read timeout to 60
[DEBUG] [17/Aug/2016 00:37:07]: "GET /ptqrlogin?webqq_type=10&remember_uin=1&login2qq=1&aid=501004106&u1=http%3A%2F%2Fw.qq.com%2Fproxy.html%3Flogin2qq%3D1%26webqq_type%3D10&ptredirect=0&ptlang=2052&daid=164&from_ui=1&pttype=1&dumy=&fp=loginerroralert&action=0-0-157510&mibao_css=m_webqq&t=1&g=1&js_type=0&js_ver=10169&login_sig=&pt_randsalt=0 HTTP/1.1" 200 None
[INFO] [17/Aug/2016 00:37:07]: '登录成功！'
[INFO] [17/Aug/2016 00:37:07]: 获取ptwebqq...
[INFO] [17/Aug/2016 00:37:07]: Starting new HTTP connection (1): ptlogin4.web2.qq.com
[DEBUG] [17/Aug/2016 00:37:07]: Setting read timeout to 60
[DEBUG] [17/Aug/2016 00:37:07]: "GET /check_sig?pttype=1&uin=987513441&service=ptqrlogin&nodirect=0&ptsigx=a8f1d1181523de4749aff61ff02715d0a9fdf8a8d7fc18cac9c93dfc7cc786b2c9a0f1573504ef4e0807198a25335e5a78dc8ab9efecf8226d3e6468fe70e6bd&s_url=http%3A%2F%2Fw.qq.com%2Fproxy.html%3Flogin2qq%3D1%26webqq_type%3D10&f_url=&ptlang=2052&ptredirect=100&aid=501004106&daid=164&j_later=0&low_login_hour=0&regmaster=0&pt_login_type=3&pt_aid=0&pt_aaid=16&pt_light=0&pt_3rd_aid=0 HTTP/1.1" 302 None
[INFO] [17/Aug/2016 00:37:07]: Starting new HTTP connection (1): w.qq.com
[DEBUG] [17/Aug/2016 00:37:07]: Setting read timeout to 60
[DEBUG] [17/Aug/2016 00:37:07]: "GET /proxy.html?login2qq=1&webqq_type=10 HTTP/1.1" 200 None
[INFO] [17/Aug/2016 00:37:07]: 获取vfwebqq...
[INFO] [17/Aug/2016 00:37:07]: Starting new HTTP connection (1): s.web2.qq.com
[DEBUG] [17/Aug/2016 00:37:08]: Setting read timeout to 60
[DEBUG] [17/Aug/2016 00:37:08]: "GET /api/getvfwebqq?ptwebqq=65110d09735f7bb5319294355ca1a460611d66e357131e0507b3f103347e2e81&clientid=53999199&psessionid=&t=0.1 HTTP/1.1" 200 117
[INFO] [17/Aug/2016 00:37:08]: 获取psessionid...
[INFO] [17/Aug/2016 00:37:08]: Starting new HTTP connection (1): d1.web2.qq.com
[DEBUG] [17/Aug/2016 00:37:08]: Setting read timeout to 60
[DEBUG] [17/Aug/2016 00:37:53]: "POST /channel/login2 HTTP/1.1" 200 None
[INFO] [17/Aug/2016 00:37:53]: 等待消息...
[DEBUG] [17/Aug/2016 00:37:53]: Setting read timeout to 60
[DEBUG] [17/Aug/2016 00:38:04]: "POST /channel/poll2 HTTP/1.1" 200 None
[INFO] [17/Aug/2016 00:38:04]: ['{"result":[{"poll_type":"message","value":{"content":[["font",{"color":"000000","name":"\xe5\xbe\xae\xe8\xbd\xaf\xe9\x9b\x85\xe9\xbb\x91","size":10,"style":[0,0,0]}],"nsb"],"from_uin":1885255360,"msg_id":53941,"msg_type":0,"time":1471365486,"to_uin":987513441}}],"retcode":0}\n', u'{"result":[{"poll_type":"message","value":{"content":[["font",{"color":"000000","name":"\u5fae\u8f6f\u96c5\u9ed1","size":10,"style":[0,0,0]}],"nsb"],"from_uin":1885255360,"msg_id":53941,"msg_type":0,"time":1471365486,"to_uin":987513441}}],"retcode":0}\n']
[DEBUG] [17/Aug/2016 00:38:05]: Setting read timeout to 60
[DEBUG] [17/Aug/2016 00:38:07]: "POST /channel/poll2 HTTP/1.1" 200 None
[INFO] [17/Aug/2016 00:38:07]: ['{"result":[{"poll_type":"message","value":{"content":[["font",{"color":"000000","name":"\xe5\xbe\xae\xe8\xbd\xaf\xe9\x9b\x85\xe9\xbb\x91","size":10,"style":[0,0,0]}],"hdbdb"],"from_uin":1885255360,"msg_id":53944,"msg_type":0,"time":1471365488,"to_uin":987513441}}],"retcode":0}\n', u'{"result":[{"poll_type":"message","value":{"content":[["font",{"color":"000000","name":"\u5fae\u8f6f\u96c5\u9ed1","size":10,"style":[0,0,0]}],"hdbdb"],"from_uin":1885255360,"msg_id":53944,"msg_type":0,"time":1471365488,"to_uin":987513441}}],"retcode":0}\n']
[DEBUG] [17/Aug/2016 00:38:08]: Setting read timeout to 60
[DEBUG] [17/Aug/2016 00:38:10]: "POST /channel/poll2 HTTP/1.1" 200 None
[INFO] [17/Aug/2016 00:38:10]: ['{"result":[{"poll_type":"message","value":{"content":[["font",{"color":"000000","name":"\xe5\xbe\xae\xe8\xbd\xaf\xe9\x9b\x85\xe9\xbb\x91","size":10,"style":[0,0,0]}],"yes"],"from_uin":1885255360,"msg_id":53945,"msg_type":0,"time":1471365492,"to_uin":987513441}}],"retcode":0}\n', u'{"result":[{"poll_type":"message","value":{"content":[["font",{"color":"000000","name":"\u5fae\u8f6f\u96c5\u9ed1","size":10,"style":[0,0,0]}],"yes"],"from_uin":1885255360,"msg_id":53945,"msg_type":0,"time":1471365492,"to_uin":987513441}}],"retcode":0}\n']
[DEBUG] [17/Aug/2016 00:38:11]: Setting read timeout to 60
[DEBUG] [17/Aug/2016 00:38:17]: "POST /channel/poll2 HTTP/1.1" 200 None
[INFO] [17/Aug/2016 00:38:17]: ['{"result":[{"poll_type":"message","value":{"content":[["font",{"color":"000000","name":"\xe5\xbe\xae\xe8\xbd\xaf\xe9\x9b\x85\xe9\xbb\x91","size":10,"style":[0,0,0]}],"res"],"from_uin":1885255360,"msg_id":53946,"msg_type":0,"time":1471365499,"to_uin":987513441}}],"retcode":0}\n', u'{"result":[{"poll_type":"message","value":{"content":[["font",{"color":"000000","name":"\u5fae\u8f6f\u96c5\u9ed1","size":10,"style":[0,0,0]}],"res"],"from_uin":1885255360,"msg_id":53946,"msg_type":0,"time":1471365499,"to_uin":987513441}}],"retcode":0}\n']
[DEBUG] [17/Aug/2016 00:38:18]: Setting read timeout to 60
[DEBUG] [17/Aug/2016 00:38:19]: "POST /channel/poll2 HTTP/1.1" 200 None
[INFO] [17/Aug/2016 00:38:19]: ['{"result":[{"poll_type":"message","value":{"content":[["font",{"color":"000000","name":"\xe5\xbe\xae\xe8\xbd\xaf\xe9\x9b\x85\xe9\xbb\x91","size":10,"style":[0,0,0]}],"hebdb"],"from_uin":1885255360,"msg_id":53947,"msg_type":0,"time":1471365501,"to_uin":987513441}}],"retcode":0}\n', u'{"result":[{"poll_type":"message","value":{"content":[["font",{"color":"000000","name":"\u5fae\u8f6f\u96c5\u9ed1","size":10,"style":[0,0,0]}],"hebdb"],"from_uin":1885255360,"msg_id":53947,"msg_type":0,"time":1471365501,"to_uin":987513441}}],"retcode":0}\n']
[DEBUG] [17/Aug/2016 00:38:20]: Setting read timeout to 60
[DEBUG] [17/Aug/2016 00:38:21]: "POST /channel/poll2 HTTP/1.1" 200 None
[INFO] [17/Aug/2016 00:38:21]: ['{"result":[{"poll_type":"message","value":{"content":[["font",{"color":"000000","name":"\xe5\xbe\xae\xe8\xbd\xaf\xe9\x9b\x85\xe9\xbb\x91","size":10,"style":[0,0,0]}],"hdvdv"],"from_uin":1885255360,"msg_id":53948,"msg_type":0,"time":1471365503,"to_uin":987513441}}],"retcode":0}\n', u'{"result":[{"poll_type":"message","value":{"content":[["font",{"color":"000000","name":"\u5fae\u8f6f\u96c5\u9ed1","size":10,"style":[0,0,0]}],"hdvdv"],"from_uin":1885255360,"msg_id":53948,"msg_type":0,"time":1471365503,"to_uin":987513441}}],"retcode":0}\n']
[DEBUG] [17/Aug/2016 00:38:22]: Setting read timeout to 60
[INFO] [17/Aug/2016 00:39:22]: HttpConnectionPoll time out...
[INFO] [17/Aug/2016 00:39:23]: Starting new HTTP connection (2): d1.web2.qq.com
[DEBUG] [17/Aug/2016 00:39:23]: Setting read timeout to 60
[DEBUG] [17/Aug/2016 00:39:28]: "POST /channel/poll2 HTTP/1.1" 200 None
[INFO] [17/Aug/2016 00:39:28]: ['{"result":[{"poll_type":"message","value":{"content":[["font",{"color":"000000","name":"\xe5\xbe\xae\xe8\xbd\xaf\xe9\x9b\x85\xe9\xbb\x91","size":10,"style":[0,0,0]}],"d"],"from_uin":1885255360,"msg_id":53955,"msg_type":0,"time":1471365570,"to_uin":987513441}}],"retcode":0}\n', u'{"result":[{"poll_type":"message","value":{"content":[["font",{"color":"000000","name":"\u5fae\u8f6f\u96c5\u9ed1","size":10,"style":[0,0,0]}],"d"],"from_uin":1885255360,"msg_id":53955,"msg_type":0,"time":1471365570,"to_uin":987513441}}],"retcode":0}\n']
[DEBUG] [17/Aug/2016 00:39:29]: Setting read timeout to 60
[DEBUG] [17/Aug/2016 00:39:31]: "POST /channel/poll2 HTTP/1.1" 200 None
[INFO] [17/Aug/2016 00:39:31]: ['{"result":[{"poll_type":"message","value":{"content":[["font",{"color":"000000","name":"\xe5\xbe\xae\xe8\xbd\xaf\xe9\x9b\x85\xe9\xbb\x91","size":10,"style":[0,0,0]}],"dd"],"from_uin":1885255360,"msg_id":53956,"msg_type":0,"time":1471365573,"to_uin":987513441}}],"retcode":0}\n', u'{"result":[{"poll_type":"message","value":{"content":[["font",{"color":"000000","name":"\u5fae\u8f6f\u96c5\u9ed1","size":10,"style":[0,0,0]}],"dd"],"from_uin":1885255360,"msg_id":53956,"msg_type":0,"time":1471365573,"to_uin":987513441}}],"retcode":0}\n']
[DEBUG] [17/Aug/2016 00:39:32]: Setting read timeout to 60
[DEBUG] [17/Aug/2016 00:39:33]: "POST /channel/poll2 HTTP/1.1" 200 None
[INFO] [17/Aug/2016 00:39:33]: ['{"result":[{"poll_type":"message","value":{"content":[["font",{"color":"000000","name":"\xe5\xbe\xae\xe8\xbd\xaf\xe9\x9b\x85\xe9\xbb\x91","size":10,"style":[0,0,0]}],"d"],"from_uin":1885255360,"msg_id":53957,"msg_type":0,"time":1471365575,"to_uin":987513441}}],"retcode":0}\n', u'{"result":[{"poll_type":"message","value":{"content":[["font",{"color":"000000","name":"\u5fae\u8f6f\u96c5\u9ed1","size":10,"style":[0,0,0]}],"d"],"from_uin":1885255360,"msg_id":53957,"msg_type":0,"time":1471365575,"to_uin":987513441}}],"retcode":0}\n']
[DEBUG] [17/Aug/2016 00:39:34]: Setting read timeout to 60
[DEBUG] [17/Aug/2016 00:39:53]: "POST /channel/poll2 HTTP/1.1" 200 None
[INFO] [17/Aug/2016 00:39:53]: ['{"result":[{"poll_type":"message","value":{"content":[["font",{"color":"000000","name":"\xe5\xbe\xae\xe8\xbd\xaf\xe9\x9b\x85\xe9\xbb\x91","size":10,"style":[0,0,0]}],"d"],"from_uin":1885255360,"msg_id":53958,"msg_type":0,"time":1471365581,"to_uin":987513441}}],"retcode":0}\n', u'{"result":[{"poll_type":"message","value":{"content":[["font",{"color":"000000","name":"\u5fae\u8f6f\u96c5\u9ed1","size":10,"style":[0,0,0]}],"d"],"from_uin":1885255360,"msg_id":53958,"msg_type":0,"time":1471365581,"to_uin":987513441}}],"retcode":0}\n']
[DEBUG] [17/Aug/2016 00:39:54]: Setting read timeout to 60
[DEBUG] [17/Aug/2016 00:40:06]: "POST /channel/poll2 HTTP/1.1" 200 None
[INFO] [17/Aug/2016 00:40:06]: ['{"result":[{"poll_type":"message","value":{"content":[["font",{"color":"000000","name":"\xe5\xbe\xae\xe8\xbd\xaf\xe9\x9b\x85\xe9\xbb\x91","size":10,"style":[0,0,0]}],"n"],"from_uin":1885255360,"msg_id":53961,"msg_type":0,"time":1471365608,"to_uin":987513441}}],"retcode":0}\n', u'{"result":[{"poll_type":"message","value":{"content":[["font",{"color":"000000","name":"\u5fae\u8f6f\u96c5\u9ed1","size":10,"style":[0,0,0]}],"n"],"from_uin":1885255360,"msg_id":53961,"msg_type":0,"time":1471365608,"to_uin":987513441}}],"retcode":0}\n']
[DEBUG] [17/Aug/2016 00:40:07]: Setting read timeout to 60
[DEBUG] [17/Aug/2016 00:40:11]: "POST /channel/poll2 HTTP/1.1" 200 None
[INFO] [17/Aug/2016 00:40:11]: ['{"result":[{"poll_type":"message","value":{"content":[["font",{"color":"000000","name":"\xe5\xbe\xae\xe8\xbd\xaf\xe9\x9b\x85\xe9\xbb\x91","size":10,"style":[0,0,0]}],"h"],"from_uin":1885255360,"msg_id":53962,"msg_type":0,"time":1471365612,"to_uin":987513441}}],"retcode":0}\n', u'{"result":[{"poll_type":"message","value":{"content":[["font",{"color":"000000","name":"\u5fae\u8f6f\u96c5\u9ed1","size":10,"style":[0,0,0]}],"h"],"from_uin":1885255360,"msg_id":53962,"msg_type":0,"time":1471365612,"to_uin":987513441}}],"retcode":0}\n']
[DEBUG] [17/Aug/2016 00:40:12]: Setting read timeout to 60
[DEBUG] [17/Aug/2016 00:40:14]: "POST /channel/poll2 HTTP/1.1" 200 None
[INFO] [17/Aug/2016 00:40:14]: ['{"result":[{"poll_type":"message","value":{"content":[["font",{"color":"000000","name":"\xe5\xbe\xae\xe8\xbd\xaf\xe9\x9b\x85\xe9\xbb\x91","size":10,"style":[0,0,0]}],"h and"],"from_uin":1885255360,"msg_id":53963,"msg_type":0,"time":1471365616,"to_uin":987513441}}],"retcode":0}\n', u'{"result":[{"poll_type":"message","value":{"content":[["font",{"color":"000000","name":"\u5fae\u8f6f\u96c5\u9ed1","size":10,"style":[0,0,0]}],"h and"],"from_uin":1885255360,"msg_id":53963,"msg_type":0,"time":1471365616,"to_uin":987513441}}],"retcode":0}\n']
[DEBUG] [17/Aug/2016 00:40:15]: Setting read timeout to 60
[DEBUG] [17/Aug/2016 00:40:19]: "POST /channel/poll2 HTTP/1.1" 200 None
[INFO] [17/Aug/2016 00:40:19]: ['{"result":[{"poll_type":"message","value":{"content":[["font",{"color":"000000","name":"\xe5\xbe\xae\xe8\xbd\xaf\xe9\x9b\x85\xe9\xbb\x91","size":10,"style":[0,0,0]}],"that"],"from_uin":1885255360,"msg_id":53964,"msg_type":0,"time":1471365621,"to_uin":987513441}}],"retcode":0}\n', u'{"result":[{"poll_type":"message","value":{"content":[["font",{"color":"000000","name":"\u5fae\u8f6f\u96c5\u9ed1","size":10,"style":[0,0,0]}],"that"],"from_uin":1885255360,"msg_id":53964,"msg_type":0,"time":1471365621,"to_uin":987513441}}],"retcode":0}\n']
[DEBUG] [17/Aug/2016 00:40:20]: Setting read timeout to 60
[DEBUG] [17/Aug/2016 00:40:23]: "POST /channel/poll2 HTTP/1.1" 200 None
[INFO] [17/Aug/2016 00:40:23]: ['{"result":[{"poll_type":"message","value":{"content":[["font",{"color":"000000","name":"\xe5\xbe\xae\xe8\xbd\xaf\xe9\x9b\x85\xe9\xbb\x91","size":10,"style":[0,0,0]}],"h"],"from_uin":1885255360,"msg_id":53965,"msg_type":0,"time":1471365625,"to_uin":987513441}}],"retcode":0}\n', u'{"result":[{"poll_type":"message","value":{"content":[["font",{"color":"000000","name":"\u5fae\u8f6f\u96c5\u9ed1","size":10,"style":[0,0,0]}],"h"],"from_uin":1885255360,"msg_id":53965,"msg_type":0,"time":1471365625,"to_uin":987513441}}],"retcode":0}\n']
[DEBUG] [17/Aug/2016 00:40:24]: Setting read timeout to 60
[DEBUG] [17/Aug/2016 00:40:46]: "POST /channel/poll2 HTTP/1.1" 200 None
[INFO] [17/Aug/2016 00:40:46]: ['{"result":[{"poll_type":"message","value":{"content":[["font",{"color":"000000","name":"\xe5\xbe\xae\xe8\xbd\xaf\xe9\x9b\x85\xe9\xbb\x91","size":10,"style":[0,0,0]}],"ff"],"from_uin":1885255360,"msg_id":53967,"msg_type":0,"time":1471365648,"to_uin":987513441}}],"retcode":0}\n', u'{"result":[{"poll_type":"message","value":{"content":[["font",{"color":"000000","name":"\u5fae\u8f6f\u96c5\u9ed1","size":10,"style":[0,0,0]}],"ff"],"from_uin":1885255360,"msg_id":53967,"msg_type":0,"time":1471365648,"to_uin":987513441}}],"retcode":0}\n']
[DEBUG] [17/Aug/2016 00:40:47]: Setting read timeout to 60
[DEBUG] [17/Aug/2016 00:41:01]: "POST /channel/poll2 HTTP/1.1" 200 None
[INFO] [17/Aug/2016 00:41:01]: ['{"result":[{"poll_type":"message","value":{"content":[["font",{"color":"000000","name":"\xe5\xbe\xae\xe8\xbd\xaf\xe9\x9b\x85\xe9\xbb\x91","size":10,"style":[0,0,0]}],"r"],"from_uin":1885255360,"msg_id":53968,"msg_type":0,"time":1471365663,"to_uin":987513441}}],"retcode":0}\n', u'{"result":[{"poll_type":"message","value":{"content":[["font",{"color":"000000","name":"\u5fae\u8f6f\u96c5\u9ed1","size":10,"style":[0,0,0]}],"r"],"from_uin":1885255360,"msg_id":53968,"msg_type":0,"time":1471365663,"to_uin":987513441}}],"retcode":0}\n']
[DEBUG] [17/Aug/2016 00:41:02]: Setting read timeout to 60
[DEBUG] [17/Aug/2016 00:41:10]: "POST /channel/poll2 HTTP/1.1" 200 None
[INFO] [17/Aug/2016 00:41:10]: ['{"result":[{"poll_type":"message","value":{"content":[["font",{"color":"000000","name":"\xe5\xbe\xae\xe8\xbd\xaf\xe9\x9b\x85\xe9\xbb\x91","size":10,"style":[0,0,0]}],"-help"],"from_uin":1885255360,"msg_id":53969,"msg_type":0,"time":1471365672,"to_uin":987513441}}],"retcode":0}\n', u'{"result":[{"poll_type":"message","value":{"content":[["font",{"color":"000000","name":"\u5fae\u8f6f\u96c5\u9ed1","size":10,"style":[0,0,0]}],"-help"],"from_uin":1885255360,"msg_id":53969,"msg_type":0,"time":1471365672,"to_uin":987513441}}],"retcode":0}\n']
[DEBUG] [17/Aug/2016 00:41:11]: Setting read timeout to 60
[DEBUG] [17/Aug/2016 00:41:15]: "POST /channel/poll2 HTTP/1.1" 200 None
[INFO] [17/Aug/2016 00:41:15]: ['{"result":[{"poll_type":"group_message","value":{"content":[["font",{"color":"000000","name":"\xe5\xbe\xae\xe8\xbd\xaf\xe9\x9b\x85\xe9\xbb\x91","size":10,"style":[0,0,0]}],"\xe8\xa7\xa3\xe4\xb8\x8d\xe5\xbc\x80\xef\xbd\x9e\xe4\xb8\x87\xe8\x83\xbd"],"from_uin":2466514991,"group_code":2466514991,"msg_id":54390,"msg_type":0,"send_uin":2510960510,"time":1471365677,"to_uin":987513441}}],"retcode":0}\n', u'{"result":[{"poll_type":"group_message","value":{"content":[["font",{"color":"000000","name":"\u5fae\u8f6f\u96c5\u9ed1","size":10,"style":[0,0,0]}],"\u89e3\u4e0d\u5f00\uff5e\u4e07\u80fd"],"from_uin":2466514991,"group_code":2466514991,"msg_id":54390,"msg_type":0,"send_uin":2510960510,"time":1471365677,"to_uin":987513441}}],"retcode":0}\n']
[DEBUG] [17/Aug/2016 00:41:16]: Setting read timeout to 60
[INFO] [17/Aug/2016 00:42:16]: HttpConnectionPoll time out...
[INFO] [17/Aug/2016 00:42:17]: Starting new HTTP connection (3): d1.web2.qq.com
[DEBUG] [17/Aug/2016 00:42:17]: Setting read timeout to 60
[INFO] [17/Aug/2016 00:43:17]: HttpConnectionPoll time out...
[INFO] [17/Aug/2016 00:43:18]: Starting new HTTP connection (4): d1.web2.qq.com
[DEBUG] [17/Aug/2016 00:43:18]: Setting read timeout to 60
[INFO] [17/Aug/2016 00:44:18]: HttpConnectionPoll time out...
[INFO] [17/Aug/2016 00:44:19]: Starting new HTTP connection (5): d1.web2.qq.com
[DEBUG] [17/Aug/2016 00:44:19]: Setting read timeout to 60
[DEBUG] [17/Aug/2016 00:44:22]: "POST /channel/poll2 HTTP/1.1" 200 None
[INFO] [17/Aug/2016 00:44:23]: ['{"result":[{"poll_type":"message","value":{"content":[["font",{"color":"000000","name":"\xe5\xbe\xae\xe8\xbd\xaf\xe9\x9b\x85\xe9\xbb\x91","size":10,"style":[0,0,0]}],"fdgh"],"from_uin":1885255360,"msg_id":15514,"msg_type":0,"time":1471365864,"to_uin":987513441}}],"retcode":0}\n', u'{"result":[{"poll_type":"message","value":{"content":[["font",{"color":"000000","name":"\u5fae\u8f6f\u96c5\u9ed1","size":10,"style":[0,0,0]}],"fdgh"],"from_uin":1885255360,"msg_id":15514,"msg_type":0,"time":1471365864,"to_uin":987513441}}],"retcode":0}\n']
[DEBUG] [17/Aug/2016 00:44:24]: Setting read timeout to 60
[DEBUG] [17/Aug/2016 00:44:24]: "POST /channel/poll2 HTTP/1.1" 200 None
[INFO] [17/Aug/2016 00:44:24]: ['{"result":[{"poll_type":"message","value":{"content":[["font",{"color":"000000","name":"\xe5\xbe\xae\xe8\xbd\xaf\xe9\x9b\x85\xe9\xbb\x91","size":10,"style":[0,0,0]}],"cfhv"],"from_uin":1885255360,"msg_id":15515,"msg_type":0,"time":1471365866,"to_uin":987513441}}],"retcode":0}\n', u'{"result":[{"poll_type":"message","value":{"content":[["font",{"color":"000000","name":"\u5fae\u8f6f\u96c5\u9ed1","size":10,"style":[0,0,0]}],"cfhv"],"from_uin":1885255360,"msg_id":15515,"msg_type":0,"time":1471365866,"to_uin":987513441}}],"retcode":0}\n']
[DEBUG] [17/Aug/2016 00:44:25]: Setting read timeout to 60
[DEBUG] [17/Aug/2016 00:44:27]: "POST /channel/poll2 HTTP/1.1" 200 None
[INFO] [17/Aug/2016 00:44:27]: ['{"result":[{"poll_type":"message","value":{"content":[["font",{"color":"000000","name":"\xe5\xbe\xae\xe8\xbd\xaf\xe9\x9b\x85\xe9\xbb\x91","size":10,"style":[0,0,0]}],"vxdg"],"from_uin":1885255360,"msg_id":15516,"msg_type":0,"time":1471365868,"to_uin":987513441}}],"retcode":0}\n', u'{"result":[{"poll_type":"message","value":{"content":[["font",{"color":"000000","name":"\u5fae\u8f6f\u96c5\u9ed1","size":10,"style":[0,0,0]}],"vxdg"],"from_uin":1885255360,"msg_id":15516,"msg_type":0,"time":1471365868,"to_uin":987513441}}],"retcode":0}\n']
[DEBUG] [17/Aug/2016 00:44:28]: Setting read timeout to 60
[DEBUG] [17/Aug/2016 00:44:31]: "POST /channel/poll2 HTTP/1.1" 200 None
[INFO] [17/Aug/2016 00:44:31]: ['{"result":[{"poll_type":"message","value":{"content":[["font",{"color":"000000","name":"\xe5\xbe\xae\xe8\xbd\xaf\xe9\x9b\x85\xe9\xbb\x91","size":10,"style":[0,0,0]}],"\xe9\x9a\x8f\xe4\xbe\xbf\xe5\x8f\x91\xe6\x9d\xa1\xe6\xb6\x88\xe6\x81\xaf\xe5\xba\x94\xe4\xbb\x98\xe6\x88\x91\xe4\xb9\x8b\xe7\xb1\xbb\xe7\x9a\x84"],"from_uin":1956714785,"msg_id":20662,"msg_type":0,"time":1471365873,"to_uin":987513441}}],"retcode":0}\n', u'{"result":[{"poll_type":"message","value":{"content":[["font",{"color":"000000","name":"\u5fae\u8f6f\u96c5\u9ed1","size":10,"style":[0,0,0]}],"\u968f\u4fbf\u53d1\u6761\u6d88\u606f\u5e94\u4ed8\u6211\u4e4b\u7c7b\u7684"],"from_uin":1956714785,"msg_id":20662,"msg_type":0,"time":1471365873,"to_uin":987513441}}],"retcode":0}\n']
[DEBUG] [17/Aug/2016 00:44:32]: Setting read timeout to 60
[DEBUG] [17/Aug/2016 00:44:40]: "POST /channel/poll2 HTTP/1.1" 200 None
[INFO] [17/Aug/2016 00:44:41]: ['{"result":[{"poll_type":"message","value":{"content":[["font",{"color":"000000","name":"\xe5\xbe\xae\xe8\xbd\xaf\xe9\x9b\x85\xe9\xbb\x91","size":10,"style":[0,0,0]}],"gfhh"],"from_uin":1885255360,"msg_id":15521,"msg_type":0,"time":1471365882,"to_uin":987513441}}],"retcode":0}\n', u'{"result":[{"poll_type":"message","value":{"content":[["font",{"color":"000000","name":"\u5fae\u8f6f\u96c5\u9ed1","size":10,"style":[0,0,0]}],"gfhh"],"from_uin":1885255360,"msg_id":15521,"msg_type":0,"time":1471365882,"to_uin":987513441}}],"retcode":0}\n']
[DEBUG] [17/Aug/2016 00:44:42]: Setting read timeout to 60
[DEBUG] [17/Aug/2016 00:44:45]: "POST /channel/poll2 HTTP/1.1" 200 None
[INFO] [17/Aug/2016 00:44:45]: ['{"result":[{"poll_type":"message","value":{"content":[["font",{"color":"000000","name":"\xe5\xbe\xae\xe8\xbd\xaf\xe9\x9b\x85\xe9\xbb\x91","size":10,"style":[0,0,0]}],"gfg"],"from_uin":1885255360,"msg_id":15522,"msg_type":0,"time":1471365887,"to_uin":987513441}}],"retcode":0}\n', u'{"result":[{"poll_type":"message","value":{"content":[["font",{"color":"000000","name":"\u5fae\u8f6f\u96c5\u9ed1","size":10,"style":[0,0,0]}],"gfg"],"from_uin":1885255360,"msg_id":15522,"msg_type":0,"time":1471365887,"to_uin":987513441}}],"retcode":0}\n']
[DEBUG] [17/Aug/2016 00:44:46]: Setting read timeout to 60
[INFO] [17/Aug/2016 00:44:49]: HttpConnectionPoll time out...
[INFO] [17/Aug/2016 00:44:50]: Starting new HTTP connection (6): d1.web2.qq.com
[INFO] [17/Aug/2016 00:44:51]: HttpConnectionPoll time out...
